[2025-11-25 15:49:44] ========== PIPELINE START ==========
[2025-11-25 15:49:44] ----- Starting: Data Scraping -----
[2025-11-25 15:49:52] ✔ Completed: Data Scraping
[2025-11-25 15:49:52] ----- STDOUT -----
[2025-11-25 15:49:52] [2025-11-25 15:49:45] ========== STARTING SCRAPING ==========
[2025-11-25 15:49:45] Requesting URL: https://ev-database.org/uk/#group=vehicle-group&rs-pr=10000_100000&rs-er=0_500&rs-ld=0_500&rs-ac=2_23&rs-dcfc=0_400&rs-ub=10_200&rs-tw=0_2500&rs-ef=150_600&rs-sa=-1_5&rs-w=1000_3500&rs-c=0_5000&rs-y=2010_2030&s=1&p=82-10
[2025-11-25 15:49:47]  Page fetched successfully.
[2025-11-25 15:49:49] Found 853 vehicle items.
[2025-11-25 15:49:49] Processed 10 vehicles...
[2025-11-25 15:49:49] Processed 20 vehicles...
[2025-11-25 15:49:49] Processed 30 vehicles...
[2025-11-25 15:49:49] Processed 40 vehicles...
[2025-11-25 15:49:49] Processed 50 vehicles...
[2025-11-25 15:49:49] Processed 60 vehicles...
[2025-11-25 15:49:49] Processed 70 vehicles...
[2025-11-25 15:49:50] Processed 80 vehicles...
[2025-11-25 15:49:50] Processed 90 vehicles...
[2025-11-25 15:49:50] Processed 100 vehicles...
[2025-11-25 15:49:50] Processed 110 vehicles...
[2025-11-25 15:49:50] Processed 120 vehicles...
[2025-11-25 15:49:50] Processed 130 vehicles...
[2025-11-25 15:49:50] Processed 140 vehicles...
[2025-11-25 15:49:50] Processed 150 vehicles...
[2025-11-25 15:49:50] Processed 160 vehicles...
[2025-11-25 15:49:50] Processed 170 vehicles...
[2025-11-25 15:49:50] Processed 180 vehicles...
[2025-11-25 15:49:50] Processed 190 vehicles...
[2025-11-25 15:49:50] Processed 200 vehicles...
[2025-11-25 15:49:50] Processed 210 vehicles...
[2025-11-25 15:49:50] Processed 220 vehicles...
[2025-11-25 15:49:50] Processed 230 vehicles...
[2025-11-25 15:49:50] Processed 240 vehicles...
[2025-11-25 15:49:50] Processed 250 vehicles...
[2025-11-25 15:49:50] Processed 260 vehicles...
[2025-11-25 15:49:50] Processed 270 vehicles...
[2025-11-25 15:49:50] Processed 280 vehicles...
[2025-11-25 15:49:50] Processed 290 vehicles...
[2025-11-25 15:49:50] Processed 300 vehicles...
[2025-11-25 15:49:50] Processed 310 vehicles...
[2025-11-25 15:49:50] Processed 320 vehicles...
[2025-11-25 15:49:50] Processed 330 vehicles...
[2025-11-25 15:49:50] Processed 340 vehicles...
[2025-11-25 15:49:50] Processed 350 vehicles...
[2025-11-25 15:49:50] Processed 360 vehicles...
[2025-11-25 15:49:50] Processed 370 vehicles...
[2025-11-25 15:49:50] Processed 380 vehicles...
[2025-11-25 15:49:50] Processed 390 vehicles...
[2025-11-25 15:49:50] Processed 400 vehicles...
[2025-11-25 15:49:50] Processed 410 vehicles...
[2025-11-25 15:49:50] Processed 420 vehicles...
[2025-11-25 15:49:50] Processed 430 vehicles...
[2025-11-25 15:49:50] Processed 440 vehicles...
[2025-11-25 15:49:50] Processed 450 vehicles...
[2025-11-25 15:49:50] Processed 460 vehicles...
[2025-11-25 15:49:50] Processed 470 vehicles...
[2025-11-25 15:49:50] Processed 480 vehicles...
[2025-11-25 15:49:50] Processed 490 vehicles...
[2025-11-25 15:49:50] Processed 500 vehicles...
[2025-11-25 15:49:50] Processed 510 vehicles...
[2025-11-25 15:49:50] Processed 520 vehicles...
[2025-11-25 15:49:50] Processed 530 vehicles...
[2025-11-25 15:49:50] Processed 540 vehicles...
[2025-11-25 15:49:50] Processed 550 vehicles...
[2025-11-25 15:49:50] Processed 560 vehicles...
[2025-11-25 15:49:50] Processed 570 vehicles...
[2025-11-25 15:49:50] Processed 580 vehicles...
[2025-11-25 15:49:50] Processed 590 vehicles...
[2025-11-25 15:49:50] Processed 600 vehicles...
[2025-11-25 15:49:50] Processed 610 vehicles...
[2025-11-25 15:49:50] Processed 620 vehicles...
[2025-11-25 15:49:50] Processed 630 vehicles...
[2025-11-25 15:49:50] Processed 640 vehicles...
[2025-11-25 15:49:50] Processed 650 vehicles...
[2025-11-25 15:49:50] Processed 660 vehicles...
[2025-11-25 15:49:50] Processed 670 vehicles...
[2025-11-25 15:49:50] Processed 680 vehicles...
[2025-11-25 15:49:50] Processed 690 vehicles...
[2025-11-25 15:49:50] Processed 700 vehicles...
[2025-11-25 15:49:50] Processed 710 vehicles...
[2025-11-25 15:49:50] Processed 720 vehicles...
[2025-11-25 15:49:50] Processed 730 vehicles...
[2025-11-25 15:49:50] Processed 740 vehicles...
[2025-11-25 15:49:50] Processed 750 vehicles...
[2025-11-25 15:49:50] Processed 760 vehicles...
[2025-11-25 15:49:50] Processed 770 vehicles...
[2025-11-25 15:49:50] Processed 780 vehicles...
[2025-11-25 15:49:50] Processed 790 vehicles...
[2025-11-25 15:49:50] Processed 800 vehicles...
[2025-11-25 15:49:50] Processed 810 vehicles...
[2025-11-25 15:49:50] Processed 820 vehicles...
[2025-11-25 15:49:50] Processed 830 vehicles...
[2025-11-25 15:49:50] Processed 840 vehicles...
[2025-11-25 15:49:50] Processed 850 vehicles...
[2025-11-25 15:49:50] Total scraped rows: 853
[2025-11-25 15:49:50]  Saved scraped data to: c:\Users\Ep\OneDrive\Desktop\ETL project\bronze\scrapedData.csv
[2025-11-25 15:49:50] ========== SCRAPING COMPLETE ==========

[2025-11-25 15:49:52] ----- Starting: Bronze Load -----
[2025-11-25 15:49:53] ✔ Completed: Bronze Load
[2025-11-25 15:49:53] ----- STDOUT -----
[2025-11-25 15:49:53] [2025-11-25 15:49:52] =========== BRONZE LOAD START ===========
[2025-11-25 15:49:52] CSV path: c:\Users\Ep\OneDrive\Desktop\ETL project\bronze\scrapedData.csv
[2025-11-25 15:49:52] Loaded CSV with 853 rows.
[2025-11-25 15:49:52]  Bronze load complete. 853 rows inserted.
[2025-11-25 15:49:52] =========== BRONZE LOAD FINISHED ===========

[2025-11-25 15:49:53] ----- Starting: Silver Load -----
[2025-11-25 15:49:53] ✔ Completed: Silver Load
[2025-11-25 15:49:53] ----- STDOUT -----
[2025-11-25 15:49:53] [2025-11-25 15:49:53] Starting Silver Layer ETL...
[2025-11-25 15:49:53] Preparing schema: DataWarehouse_silver
[2025-11-25 15:49:53] Creating Silver tables...
[2025-11-25 15:49:53] Tables created.

[2025-11-25 15:49:53] Loading: silver_manufacturer
[2025-11-25 15:49:53] Inserted 56 manufacturers.

[2025-11-25 15:49:53] Loading: silver_vehicle
[2025-11-25 15:49:53] Inserted 853 vehicles.

[2025-11-25 15:49:53] Loading: silver_specs
[2025-11-25 15:49:53] Inserted 1189 spec rows.

[2025-11-25 15:49:53] Silver ETL Finished.

[2025-11-25 15:49:53] ----- Starting: Gold Load -----
[2025-11-25 15:49:53] ✔ Completed: Gold Load
[2025-11-25 15:49:53] ----- STDOUT -----
[2025-11-25 15:49:53] [2025-11-25 15:49:53] Starting Gold Load...
[2025-11-25 15:49:53] Loading gold_ev_summary...
[2025-11-25 15:49:53] gold_ev_summary rows inserted: 1189
[2025-11-25 15:49:53] Loading gold_brand_summary...
[2025-11-25 15:49:53] gold_brand_summary rows inserted: 56
[2025-11-25 15:49:53] Gold Load completed successfully.

[2025-11-25 15:49:53] ========== PIPELINE COMPLETED SUCCESSFULLY ==========
